#
# trace01.txt - Properly terminate on EOF.
#
#
# trace02.txt - Process builtin quit command.
#
#
# trace03.txt - Run a foreground job.
#
tsh> quit
#
# trace04.txt - Run a background job.
#
tsh> ./myspin 1 &
[1] (15264) ./myspin 1 &
#
# trace05.txt - Process jobs builtin command.
#
tsh> ./myspin 2 &
[1] (15270) ./myspin 2 &
tsh> ./myspin 3 &
[2] (15272) ./myspin 3 &
tsh> jobs
[1] (15270) Running ./myspin 2 &
[2] (15272) Running ./myspin 3 &
#
# trace06.txt - Forward SIGINT to foreground job.
#
tsh> ./myspin 4
Job [1] (15283) terminated by signal 2
#
# trace07.txt - Forward SIGINT only to foreground job.
#
tsh> ./myspin 4 &
[1] (15290) ./myspin 4 &
tsh> ./myspin 5
Job [2] (15292) terminated by signal 2
tsh> jobs
[1] (15290) Running ./myspin 4 &
#
# trace08.txt - Forward SIGTSTP only to foreground job.
#
tsh> ./myspin 4 &
[1] (15301) ./myspin 4 &
tsh> ./myspin 5
Job [2] (15303) stopped by signal 20
tsh> jobs
[1] (15301) Running ./myspin 4 &
[2] (15303) Stopped ./myspin 5 
#
# trace09.txt - Process bg builtin command
#
tsh> ./myspin 4 &
[1] (15312) ./myspin 4 &
tsh> ./myspin 5
Job [2] (15314) stopped by signal 20
tsh> jobs
[1] (15312) Running ./myspin 4 &
[2] (15314) Stopped ./myspin 5 
tsh> bg %2
[2] (15314) ./myspin 5 
tsh> jobs
[1] (15312) Running ./myspin 4 &
[2] (15314) Running ./myspin 5 
#
# trace10.txt - Process fg builtin command. 
#
tsh> ./myspin 4 &
[1] (15331) ./myspin 4 &
tsh> fg %1
Job [1] (15331) stopped by signal 20
tsh> jobs
[1] (15331) Stopped ./myspin 4 &
tsh> fg %1
tsh> jobs
#
# trace11.txt - Forward SIGINT to every process in foreground process group
#
tsh> ./mysplit 4
Job [1] (15356) terminated by signal 2
tsh> /bin/ps a
  PID TTY      STAT   TIME COMMAND
 1481 tty1     Ss+    0:00 /sbin/agetty --noclear tty1 linux
 1490 ttyS0    Ss+    0:00 /sbin/agetty --keep-baud 115200,38400,9600 ttyS0 vt220
 9787 pts/0    SNs+   0:00 ssh -t greene.hpc.nyu.edu
10268 pts/1    SNs    0:00 -bash
14262 pts/2    SNs+   0:00 -bash
15352 pts/1    SN+    0:00 /usr/bin/perl ./sdriver.pl -t trace11.txt -s ./tsh -a -p
15353 pts/1    SN+    0:00 cat
15354 pts/1    SN+    0:00 ./tsh -p
15366 pts/1    RN     0:00 /bin/ps a
#
# trace12.txt - Forward SIGTSTP to every process in foreground process group
#
tsh> ./mysplit 4
Job [1] (15371) stopped by signal 20
tsh> jobs
[1] (15371) Stopped ./mysplit 4 
tsh> /bin/ps a
  PID TTY      STAT   TIME COMMAND
 1481 tty1     Ss+    0:00 /sbin/agetty --noclear tty1 linux
 1490 ttyS0    Ss+    0:00 /sbin/agetty --keep-baud 115200,38400,9600 ttyS0 vt220
 9787 pts/0    SNs+   0:00 ssh -t greene.hpc.nyu.edu
10268 pts/1    SNs    0:00 -bash
14262 pts/2    SNs+   0:00 -bash
15367 pts/1    SN+    0:00 /usr/bin/perl ./sdriver.pl -t trace12.txt -s ./tsh -a -p
15368 pts/1    SN+    0:00 cat
15369 pts/1    SN+    0:00 ./tsh -p
15371 pts/1    TN     0:00 ./mysplit 4
15372 pts/1    TN     0:00 ./mysplit 4
15376 pts/1    RN     0:00 /bin/ps a
#
# trace13.txt - Restart every stopped process in process group
#
tsh> ./mysplit 4
Job [1] (15382) stopped by signal 20
tsh> jobs
[1] (15382) Stopped ./mysplit 4 
tsh> /bin/ps a
  PID TTY      STAT   TIME COMMAND
 1481 tty1     Ss+    0:00 /sbin/agetty --noclear tty1 linux
 1490 ttyS0    Ss+    0:00 /sbin/agetty --keep-baud 115200,38400,9600 ttyS0 vt220
 9787 pts/0    SNs+   0:00 ssh -t greene.hpc.nyu.edu
10268 pts/1    SNs    0:00 -bash
14262 pts/2    SNs+   0:00 -bash
15378 pts/1    SN+    0:00 /usr/bin/perl ./sdriver.pl -t trace13.txt -s ./tsh -a -p
15379 pts/1    SN+    0:00 cat
15380 pts/1    SN+    0:00 ./tsh -p
15382 pts/1    TN     0:00 ./mysplit 4
15383 pts/1    TN     0:00 ./mysplit 4
15387 pts/1    RN     0:00 /bin/ps a
tsh> fg %1
tsh> /bin/ps a
  PID TTY      STAT   TIME COMMAND
 1481 tty1     Ss+    0:00 /sbin/agetty --noclear tty1 linux
 1490 ttyS0    Ss+    0:00 /sbin/agetty --keep-baud 115200,38400,9600 ttyS0 vt220
 9787 pts/0    SNs+   0:00 ssh -t greene.hpc.nyu.edu
10268 pts/1    SNs    0:00 -bash
14262 pts/2    SNs+   0:00 -bash
15378 pts/1    SN+    0:00 /usr/bin/perl ./sdriver.pl -t trace13.txt -s ./tsh -a -p
15379 pts/1    SN+    0:00 cat
15380 pts/1    SN+    0:00 ./tsh -p
15393 pts/1    RN     0:00 /bin/ps a
#
# trace14.txt - Simple error handling
#
tsh> ./bogus
./bogus: Command not found
tsh> ./myspin 4 &
[1] (15400) ./myspin 4 &
tsh> fg
fg command requires PID or %jobid argument
tsh> bg
bg command requires PID or %jobid argument
tsh> fg a
fg: argument must be a PID or %jobid
tsh> bg a
bg: argument must be a PID or %jobid
tsh> fg 9999999
(9999999): No such process
tsh> bg 9999999
(9999999): No such process
tsh> fg %2
%2: No such job
tsh> fg %1
Job [1] (15400) stopped by signal 20
tsh> bg %2
%2: No such job
tsh> bg %1
[1] (15400) ./myspin 4 &
tsh> jobs
[1] (15400) Running ./myspin 4 &
#
# trace15.txt - Putting it all together
#
tsh> ./bogus
./bogus: Command not found
tsh> ./myspin 10
Job [1] (15421) terminated by signal 2
tsh> ./myspin 3 &
[1] (15425) ./myspin 3 &
tsh> ./myspin 4 &
[2] (15427) ./myspin 4 &
tsh> jobs
[1] (15425) Running ./myspin 3 &
[2] (15427) Running ./myspin 4 &
tsh> fg %1
Job [1] (15425) stopped by signal 20
tsh> jobs
[1] (15425) Stopped ./myspin 3 &
[2] (15427) Running ./myspin 4 &
tsh> bg %3
%3: No such job
tsh> bg %1
[1] (15425) ./myspin 3 &
tsh> jobs
[1] (15425) Running ./myspin 3 &
[2] (15427) Running ./myspin 4 &
tsh> fg %1
tsh> quit
#
# trace16.txt - Tests whether the shell can handle SIGTSTP and SIGINT
#     signals that come from other processes instead of the terminal.
#
tsh> ./mystop 2
Job [1] (15444) stopped by signal 20
tsh> jobs
[1] (15444) Stopped ./mystop 2
tsh> ./myint 2
Job [2] (15449) terminated by signal 2
